ERROR - 2021-08-13 15:27:03 --> Error connecting to the database: Access denied for user '****'@'localhost' (using password: YES)
CRITICAL - 2021-08-13 15:27:03 --> Unable to connect to the database.
Main connection [MySQLi]: Access denied for user '****'@'localhost' (using password: YES)
#0 C:\xampp\htdocs\sysproapr\vendor\codeigniter4\framework\system\Database\BaseConnection.php(625): CodeIgniter\Database\BaseConnection->initialize()
#1 C:\xampp\htdocs\sysproapr\vendor\codeigniter4\framework\system\Database\BaseBuilder.php(1881): CodeIgniter\Database\BaseConnection->query('SELECT *\nFROM `...', Array, false)
#2 C:\xampp\htdocs\sysproapr\vendor\codeigniter4\framework\system\Model.php(228): CodeIgniter\Database\BaseBuilder->get()
#3 C:\xampp\htdocs\sysproapr\vendor\codeigniter4\framework\system\BaseModel.php(644): CodeIgniter\Model->doFirst()
#4 C:\xampp\htdocs\sysproapr\app\Controllers\Ctrl_login.php(54): CodeIgniter\BaseModel->first()
#5 C:\xampp\htdocs\sysproapr\vendor\codeigniter4\framework\system\CodeIgniter.php(928): App\Controllers\Ctrl_login->valida()
#6 C:\xampp\htdocs\sysproapr\vendor\codeigniter4\framework\system\CodeIgniter.php(436): CodeIgniter\CodeIgniter->runController(Object(App\Controllers\Ctrl_login))
#7 C:\xampp\htdocs\sysproapr\vendor\codeigniter4\framework\system\CodeIgniter.php(336): CodeIgniter\CodeIgniter->handleRequest(NULL, Object(Config\Cache), false)
#8 C:\xampp\htdocs\sysproapr\public\index.php(37): CodeIgniter\CodeIgniter->run()
#9 {main}
ERROR - 2021-08-13 15:27:06 --> Error connecting to the database: Access denied for user '****'@'localhost' (using password: YES)
CRITICAL - 2021-08-13 15:27:06 --> Unable to connect to the database.
Main connection [MySQLi]: Access denied for user '****'@'localhost' (using password: YES)
#0 C:\xampp\htdocs\sysproapr\vendor\codeigniter4\framework\system\Database\BaseConnection.php(625): CodeIgniter\Database\BaseConnection->initialize()
#1 C:\xampp\htdocs\sysproapr\vendor\codeigniter4\framework\system\Database\BaseBuilder.php(1881): CodeIgniter\Database\BaseConnection->query('SELECT *\nFROM `...', Array, false)
#2 C:\xampp\htdocs\sysproapr\vendor\codeigniter4\framework\system\Model.php(228): CodeIgniter\Database\BaseBuilder->get()
#3 C:\xampp\htdocs\sysproapr\vendor\codeigniter4\framework\system\BaseModel.php(644): CodeIgniter\Model->doFirst()
#4 C:\xampp\htdocs\sysproapr\app\Controllers\Ctrl_login.php(54): CodeIgniter\BaseModel->first()
#5 C:\xampp\htdocs\sysproapr\vendor\codeigniter4\framework\system\CodeIgniter.php(928): App\Controllers\Ctrl_login->valida()
#6 C:\xampp\htdocs\sysproapr\vendor\codeigniter4\framework\system\CodeIgniter.php(436): CodeIgniter\CodeIgniter->runController(Object(App\Controllers\Ctrl_login))
#7 C:\xampp\htdocs\sysproapr\vendor\codeigniter4\framework\system\CodeIgniter.php(336): CodeIgniter\CodeIgniter->handleRequest(NULL, Object(Config\Cache), false)
#8 C:\xampp\htdocs\sysproapr\public\index.php(37): CodeIgniter\CodeIgniter->run()
#9 {main}
ERROR - 2021-08-13 15:27:41 --> Error connecting to the database: Access denied for user '****'@'localhost' (using password: YES)
CRITICAL - 2021-08-13 15:27:41 --> Unable to connect to the database.
Main connection [MySQLi]: Access denied for user '****'@'localhost' (using password: YES)
#0 C:\xampp\htdocs\sysproapr\vendor\codeigniter4\framework\system\Database\BaseConnection.php(625): CodeIgniter\Database\BaseConnection->initialize()
#1 C:\xampp\htdocs\sysproapr\vendor\codeigniter4\framework\system\Database\BaseBuilder.php(1881): CodeIgniter\Database\BaseConnection->query('SELECT *\nFROM `...', Array, false)
#2 C:\xampp\htdocs\sysproapr\vendor\codeigniter4\framework\system\Model.php(228): CodeIgniter\Database\BaseBuilder->get()
#3 C:\xampp\htdocs\sysproapr\vendor\codeigniter4\framework\system\BaseModel.php(644): CodeIgniter\Model->doFirst()
#4 C:\xampp\htdocs\sysproapr\app\Controllers\Ctrl_login.php(54): CodeIgniter\BaseModel->first()
#5 C:\xampp\htdocs\sysproapr\vendor\codeigniter4\framework\system\CodeIgniter.php(928): App\Controllers\Ctrl_login->valida()
#6 C:\xampp\htdocs\sysproapr\vendor\codeigniter4\framework\system\CodeIgniter.php(436): CodeIgniter\CodeIgniter->runController(Object(App\Controllers\Ctrl_login))
#7 C:\xampp\htdocs\sysproapr\vendor\codeigniter4\framework\system\CodeIgniter.php(336): CodeIgniter\CodeIgniter->handleRequest(NULL, Object(Config\Cache), false)
#8 C:\xampp\htdocs\sysproapr\public\index.php(37): CodeIgniter\CodeIgniter->run()
#9 {main}
